<?xml version="1.0" encoding="UTF-8"?>
<!-- Generated by org.testng.reporters.JUnitReportReporter -->
<testsuite hostname="Oladele" failures="0" tests="2" name="com.absoft.tests.ShopPageTest" time="56.200" errors="0" timestamp="05 Mar 2022 14:50:21 GMT" skipped="0">
  <testcase classname="com.absoft.tests.ShopPageTest" name="testApplyingSortOrder" time="32.540"/>
  <testcase classname="com.absoft.tests.ShopPageTest" name="testApplyingSortOrder" time="23.660"/>
</testsuite> <!-- com.absoft.tests.ShopPageTest -->
